<?xml version="1.0" encoding="UTF-8"?>
<!-- Generated by org.testng.reporters.JUnitReportReporter -->
<testsuite skipped="0" hostname="DESKTOP-5CII570" name="bmw_scripts.BMWModule4SellYourCarEmailField" tests="1" failures="0" timestamp="25 Apr 2020 06:51:03 GMT" time="43.864" errors="0">
  <testcase name="SellYourCarEmailField" time="43.864" classname="bmw_scripts.BMWModule4SellYourCarEmailField"/>
</testsuite> <!-- bmw_scripts.BMWModule4SellYourCarEmailField -->
