<?xml version="1.0" encoding="UTF-8"?>
<!-- Generated by org.testng.reporters.JUnitReportReporter -->
<testsuite skipped="0" hostname="DESKTOP-5CII570" name="bmw_scripts.BMWModule2DiscoverAllModels" tests="1" failures="0" timestamp="25 Apr 2020 06:33:15 GMT" time="44.892" errors="0">
  <testcase name="discoverAllModels" time="44.892" classname="bmw_scripts.BMWModule2DiscoverAllModels"/>
</testsuite> <!-- bmw_scripts.BMWModule2DiscoverAllModels -->
