<?xml version="1.0" encoding="UTF-8"?>
<!-- Generated by org.testng.reporters.JUnitReportReporter -->
<testsuite skipped="0" hostname="DESKTOP-5CII570" name="bmw_scripts.BMWModule4SellYourCarInvalidData" tests="1" failures="0" timestamp="25 Apr 2020 06:51:03 GMT" time="48.318" errors="0">
  <testcase name="SellYourCarInvalidData" time="48.318" classname="bmw_scripts.BMWModule4SellYourCarInvalidData"/>
</testsuite> <!-- bmw_scripts.BMWModule4SellYourCarInvalidData -->
