<?xml version="1.0" encoding="UTF-8"?>
<!-- Generated by org.testng.reporters.JUnitReportReporter -->
<testsuite skipped="0" hostname="DESKTOP-5CII570" name="bmw_scripts.BMWModule7TechnologyTC_56" tests="1" failures="0" timestamp="23 Apr 2020 06:01:36 GMT" time="14.186" errors="0">
  <testcase name="Click_BMW_World_Tech_Innovation" time="14.186" classname="bmw_scripts.BMWModule7TechnologyTC_56"/>
</testsuite> <!-- bmw_scripts.BMWModule7TechnologyTC_56 -->
