<?xml version="1.0" encoding="UTF-8"?>
<!-- Generated by org.testng.reporters.JUnitReportReporter -->
<testsuite skipped="0" hostname="Sarthak" name="in.bmw.scripts.BMWTest" tests="1" failures="0" timestamp="16 Apr 2020 07:14:52 GMT" time="0.012" errors="0">
  <testcase name="test" time="0.012" classname="in.bmw.scripts.BMWTest"/>
</testsuite> <!-- in.bmw.scripts.BMWTest -->
