<?xml version="1.0" encoding="UTF-8"?>
<!-- Generated by org.testng.reporters.JUnitReportReporter -->
<testsuite skipped="0" hostname="DESKTOP-5CII570" name="bmw_scripts.BMWModule1ImageCheckTC_009" tests="1" failures="0" timestamp="25 Apr 2020 06:30:52 GMT" time="3.810" errors="0">
  <testcase name="Image_Presence_Check" time="3.810" classname="bmw_scripts.BMWModule1ImageCheckTC_009"/>
</testsuite> <!-- bmw_scripts.BMWModule1ImageCheckTC_009 -->
