<?xml version="1.0" encoding="UTF-8"?>
<!-- Generated by org.testng.reporters.JUnitReportReporter -->
<testsuite skipped="0" hostname="DESKTOP-5CII570" name="bmw_scripts.BMWModule6TestLoan" tests="1" failures="0" timestamp="23 Apr 2020 06:01:36 GMT" time="15.936" errors="0">
  <testcase name="Loans" time="15.936" classname="bmw_scripts.BMWModule6TestLoan"/>
</testsuite> <!-- bmw_scripts.BMWModule6TestLoan -->
