<?xml version="1.0" encoding="UTF-8"?>
<!-- Generated by org.testng.reporters.JUnitReportReporter -->
<testsuite skipped="0" hostname="DESKTOP-5CII570" name="bmw_scripts.BMWModule7JoyFestTC_44" tests="1" failures="0" timestamp="23 Apr 2020 06:01:36 GMT" time="24.653" errors="0">
  <testcase name="Click_BMW_JoyFest" time="24.653" classname="bmw_scripts.BMWModule7JoyFestTC_44"/>
</testsuite> <!-- bmw_scripts.BMWModule7JoyFestTC_44 -->
