<?xml version="1.0" encoding="UTF-8"?>
<!-- Generated by org.testng.reporters.JUnitReportReporter -->
<testsuite skipped="0" hostname="DESKTOP-5CII570" name="bmw_scripts.BMWModule5TestBRiInvalidValue" tests="1" failures="0" timestamp="25 Apr 2020 07:05:54 GMT" time="13.312" errors="0">
  <testcase name="testBRIPackageInvalidValue" time="13.312" classname="bmw_scripts.BMWModule5TestBRiInvalidValue"/>
</testsuite> <!-- bmw_scripts.BMWModule5TestBRiInvalidValue -->
