<?xml version="1.0" encoding="UTF-8"?>
<!-- Generated by org.testng.reporters.JUnitReportReporter -->
<testsuite skipped="0" hostname="Sarthak" name="bmw_scripts.BMWTest" tests="1" failures="0" timestamp="21 Apr 2020 10:19:41 GMT" time="4.929" errors="0">
  <testcase name="testServicesTabs" time="4.929" classname="bmw_scripts.BMWTest"/>
</testsuite> <!-- bmw_scripts.BMWTest -->
