<?xml version="1.0" encoding="UTF-8"?>
<!-- Generated by org.testng.reporters.JUnitReportReporter -->
<testsuite skipped="0" hostname="DESKTOP-5CII570" name="bmw_scripts.BMWModule7TestLinksTC_43" tests="1" failures="0" timestamp="23 Apr 2020 06:01:36 GMT" time="1.835" errors="0">
  <testcase name="Click_BMW_World" time="1.835" classname="bmw_scripts.BMWModule7TestLinksTC_43"/>
</testsuite> <!-- bmw_scripts.BMWModule7TestLinksTC_43 -->
