<?xml version="1.0" encoding="UTF-8"?>
<!-- Generated by org.testng.reporters.JUnitReportReporter -->
<testsuite skipped="0" hostname="DESKTOP-5CII570" name="bmw_scripts.BMWModule5TestNullValueValidation" tests="1" failures="0" timestamp="25 Apr 2020 07:05:54 GMT" time="39.521" errors="0">
  <testcase name="testNullValueValidation" time="39.521" classname="bmw_scripts.BMWModule5TestNullValueValidation"/>
</testsuite> <!-- bmw_scripts.BMWModule5TestNullValueValidation -->
