<?xml version="1.0" encoding="UTF-8"?>
<!-- Generated by org.testng.reporters.JUnitReportReporter -->
<testsuite skipped="0" hostname="DESKTOP-5CII570" name="bmw_scripts.BMWModule3BuildYourBMW" tests="1" failures="0" timestamp="25 Apr 2020 06:37:55 GMT" time="123.210" errors="0">
  <testcase name="BuildYourBMW" time="123.210" classname="bmw_scripts.BMWModule3BuildYourBMW"/>
</testsuite> <!-- bmw_scripts.BMWModule3BuildYourBMW -->
